#
# There is insufficient memory for the Java Runtime Environment to continue.
# Native memory allocation (mmap) failed to map 264241152 bytes. Error detail: G1 virtual space
# Possible reasons:
#   The system is out of physical RAM or swap space
#   This process is running with CompressedOops enabled, and the Java Heap may be blocking the growth of the native heap
# Possible solutions:
#   Reduce memory load on the system
#   Increase physical memory or swap space
#   Check if swap backing store is full
#   Decrease Java heap size (-Xmx/-Xms)
#   Decrease number of Java threads
#   Decrease Java thread stack sizes (-Xss)
#   Set larger code cache with -XX:ReservedCodeCacheSize=
#   JVM is running with Zero Based Compressed Oops mode in which the Java heap is
#     placed in the first 32GB address space. The Java Heap base address is the
#     maximum limit for the native heap growth. Please use -XX:HeapBaseMinAddress
#     to set the Java Heap base and to place the Java Heap above 32GB virtual address.
# This output file may be truncated or incomplete.
#
#  Out of Memory Error (os_windows.cpp:3925), pid=9472, tid=22200
#
# JRE version:  (21.0.9) (build )
# Java VM: OpenJDK 64-Bit Server VM (21.0.9+-14787801-b1163.94, mixed mode, sharing, tiered, compressed oops, compressed class ptrs, g1 gc, windows-amd64)
# No core dump will be written. Minidumps are not enabled by default on client versions of Windows
#

---------------  S U M M A R Y ------------

Command Line: git4idea.http.GitAskPassApp Username for 'https://github.com': 

Host: 12th Gen Intel(R) Core(TM) i5-1235U, 12 cores, 15G,  Windows 11 , 64 bit Build 26100 (10.0.26100.7920)
Time: Mon Mar 16 23:37:46 2026 SE Asia Standard Time elapsed time: 0.017169 seconds (0d 0h 0m 0s)

---------------  T H R E A D  ---------------

Current thread (0x00000236118f4db0):  JavaThread "Unknown thread" [_thread_in_vm, id=22200, stack(0x0000009ea6900000,0x0000009ea6a00000) (1024K)]

Stack: [0x0000009ea6900000,0x0000009ea6a00000]
Native frames: (J=compiled Java code, j=interpreted, Vv=VM code, C=native code)
V  [jvm.dll+0x6d6c99]
V  [jvm.dll+0x866b83]
V  [jvm.dll+0x8691ae]
V  [jvm.dll+0x869893]
V  [jvm.dll+0x280776]
V  [jvm.dll+0x6d3555]
V  [jvm.dll+0x6c6bea]
V  [jvm.dll+0x3587fb]
V  [jvm.dll+0x360476]
V  [jvm.dll+0x3b2646]
V  [jvm.dll+0x3b2918]
V  [jvm.dll+0x32af0c]
V  [jvm.dll+0x32bbfb]
V  [jvm.dll+0x82e839]
V  [jvm.dll+0x3bf818]
V  [jvm.dll+0x8179d8]
V  [jvm.dll+0x453cbe]
V  [jvm.dll+0x455421]
C  [jli.dll+0x52ab]
C  [ucrtbase.dll+0x37b0]
C  [KERNEL32.DLL+0x2e8d7]
C  [ntdll.dll+0x8c48c]


---------------  P R O C E S S  ---------------

Threads class SMR info:
_java_thread_list=0x00007ffa544db988, length=0, elements={
}

Java Threads: ( => current thread )
Total: 0

Other Threads:
  0x0000023613c84ad0 WorkerThread "GC Thread#0"                     [id=24604, stack(0x0000009ea6a00000,0x0000009ea6b00000) (1024K)]
  0x0000023613c96910 ConcurrentGCThread "G1 Main Marker"            [id=27568, stack(0x0000009ea6b00000,0x0000009ea6c00000) (1024K)]
  0x0000023613c97320 WorkerThread "G1 Conc#0"                       [id=16484, stack(0x0000009ea6c00000,0x0000009ea6d00000) (1024K)]

[error occurred during error reporting (printing all threads), id 0xc0000005, EXCEPTION_ACCESS_VIOLATION (0xc0000005) at pc=0x00007ffa53ccdee7]
VM state: not at safepoint (not fully initialized)

VM Mutex/Monitor currently owned by a thread:  ([mutex/lock_event])
[0x00007ffa54548790] Heap_lock - owner thread: 0x00000236118f4db0

Heap address: 0x0000000704c00000, size: 4020 MB, Compressed Oops mode: Zero based, Oop shift amount: 3

CDS archive(s) mapped at: [0x0000000000000000-0x0000000000000000-0x0000000000000000), size 0, SharedBaseAddress: 0x0000000800000000, ArchiveRelocationMode: 1.
Narrow klass base: 0x0000000000000000, Narrow klass shift: 0, Narrow klass range: 0x0

GC Precious Log:
 CardTable entry size: 512
 Card Set container configuration: InlinePtr #cards 4 size 8 Array Of Cards #cards 16 size 48 Howl #buckets 8 coarsen threshold 3686 Howl Bitmap #cards 512 size 80 coarsen threshold 460 Card regions per heap region 1 cards per card region 4096

Heap:
 garbage-first heap   total 0K, used 0K [0x0000000704c00000, 0x0000000800000000)
  region size 2048K, 0 young (0K), 0 survivors (0K)
 Metaspace       used 0K, committed 0K, reserved 0K
  class space    used 0K, committed 0K, reserved 0K

Heap Regions: E=young(eden), S=young(survivor), O=old, HS=humongous(starts), HC=humongous(continues), CS=collection set, F=free, TAMS=top-at-mark-start, PB=parsable bottom

Card table byte_map: [0x0000023626ab0000,0x0000023627290000] _byte_map_base: 0x000002362328a000

Marking Bits: (CMBitMap*) 0x0000023613c850e0
 Bits: [0x0000023627290000, 0x000002362b160000)

GC Heap History (0 events):
No events

Dll operation events (1 events):
Event: 0.011 Loaded shared library D:\Android Studio1\jbr\bin\java.dll

Deoptimization events (0 events):
No events

Classes loaded (0 events):
No events

Classes unloaded (0 events):
No events

Classes redefined (0 events):
No events

Internal exceptions (0 events):
No events

ZGC Phase Switch (0 events):
No events

VM Operations (0 events):
No events

Memory protections (0 events):
No events

Nmethod flushes (0 events):
No events

Events (0 events):
No events


Dynamic libraries:
0x00007ff7b1b20000 - 0x00007ff7b1b2a000 	D:\Android Studio1\jbr\bin\java.exe
0x00007ffae21c0000 - 0x00007ffae2427000 	C:\WINDOWS\SYSTEM32\ntdll.dll
0x00007ffaadd90000 - 0x00007ffaaddb0000 	C:\Program Files\AVG\Antivirus\aswhook.dll
0x00007ffae0b70000 - 0x00007ffae0c39000 	C:\WINDOWS\System32\KERNEL32.DLL
0x00007ffaded80000 - 0x00007ffadf171000 	C:\WINDOWS\System32\KERNELBASE.dll
0x00007ffadf2f0000 - 0x00007ffadf43b000 	C:\WINDOWS\System32\ucrtbase.dll
0x00007ffaa0480000 - 0x00007ffaa0498000 	D:\Android Studio1\jbr\bin\jli.dll
0x00007ffae04e0000 - 0x00007ffae06a5000 	C:\WINDOWS\System32\USER32.dll
0x00007ffadf2c0000 - 0x00007ffadf2e7000 	C:\WINDOWS\System32\win32u.dll
0x00007ffae0350000 - 0x00007ffae037b000 	C:\WINDOWS\System32\GDI32.dll
0x00007ffadf440000 - 0x00007ffadf56b000 	C:\WINDOWS\System32\gdi32full.dll
0x00007ffaca740000 - 0x00007ffaca75b000 	D:\Android Studio1\jbr\bin\VCRUNTIME140.dll
0x00007ffadf180000 - 0x00007ffadf223000 	C:\WINDOWS\System32\msvcp_win.dll
0x00007ffabf0a0000 - 0x00007ffabf333000 	C:\WINDOWS\WinSxS\amd64_microsoft.windows.common-controls_6595b64144ccf1df_6.0.26100.8037_none_3e092faae333b53b\COMCTL32.dll
0x00007ffadff60000 - 0x00007ffae0009000 	C:\WINDOWS\System32\msvcrt.dll
0x00007ffae0b20000 - 0x00007ffae0b51000 	C:\WINDOWS\System32\IMM32.DLL
0x00007ffad5260000 - 0x00007ffad526c000 	D:\Android Studio1\jbr\bin\vcruntime140_1.dll
0x00007ffa817a0000 - 0x00007ffa8182d000 	D:\Android Studio1\jbr\bin\msvcp140.dll
0x00007ffa53990000 - 0x00007ffa54626000 	D:\Android Studio1\jbr\bin\server\jvm.dll
0x00007ffae06b0000 - 0x00007ffae076b000 	C:\WINDOWS\System32\ADVAPI32.dll
0x00007ffae12f0000 - 0x00007ffae1397000 	C:\WINDOWS\System32\sechost.dll
0x00007ffae1150000 - 0x00007ffae1268000 	C:\WINDOWS\System32\RPCRT4.dll
0x00007ffae10d0000 - 0x00007ffae1144000 	C:\WINDOWS\System32\WS2_32.dll
0x00007ffade920000 - 0x00007ffade97e000 	C:\WINDOWS\SYSTEM32\POWRPROF.dll
0x00007ffad2050000 - 0x00007ffad205b000 	C:\WINDOWS\SYSTEM32\VERSION.dll
0x00007ffad2560000 - 0x00007ffad2595000 	C:\WINDOWS\SYSTEM32\WINMM.dll
0x00007ffade900000 - 0x00007ffade914000 	C:\WINDOWS\SYSTEM32\UMPDC.dll
0x00007ffadd830000 - 0x00007ffadd84b000 	C:\WINDOWS\SYSTEM32\kernel.appcore.dll
0x00007ffad5220000 - 0x00007ffad522a000 	D:\Android Studio1\jbr\bin\jimage.dll
0x00007ffadcbc0000 - 0x00007ffadce02000 	C:\WINDOWS\SYSTEM32\DBGHELP.DLL
0x00007ffae1ba0000 - 0x00007ffae1f22000 	C:\WINDOWS\System32\combase.dll
0x00007ffae0980000 - 0x00007ffae0a57000 	C:\WINDOWS\System32\OLEAUT32.dll
0x00007ffad1db0000 - 0x00007ffad1deb000 	C:\WINDOWS\SYSTEM32\dbgcore.DLL
0x00007ffadecd0000 - 0x00007ffaded75000 	C:\WINDOWS\System32\bcryptPrimitives.dll
0x00007ffabfe40000 - 0x00007ffabfe60000 	D:\Android Studio1\jbr\bin\java.dll

JVMTI agents: none

dbghelp: loaded successfully - version: 4.0.5 - missing functions: none
symbol engine: initialized successfully - sym options: 0x614 - pdb path: .;D:\Android Studio1\jbr\bin;C:\WINDOWS\SYSTEM32;C:\Program Files\AVG\Antivirus;C:\WINDOWS\WinSxS\amd64_microsoft.windows.common-controls_6595b64144ccf1df_6.0.26100.8037_none_3e092faae333b53b;D:\Android Studio1\jbr\bin\server

VM Arguments:
java_command: git4idea.http.GitAskPassApp Username for 'https://github.com': 
java_class_path (initial): D:/Android Studio1/plugins/vcs-git/lib/git4idea-rt.jar;D:/Android Studio1/lib/externalProcess-rt.jar
Launcher Type: SUN_STANDARD

[Global flags]
     intx CICompilerCount                          = 4                                         {product} {ergonomic}
     uint ConcGCThreads                            = 3                                         {product} {ergonomic}
     uint G1ConcRefinementThreads                  = 10                                        {product} {ergonomic}
   size_t G1HeapRegionSize                         = 2097152                                   {product} {ergonomic}
    uintx GCDrainStackTargetSize                   = 64                                        {product} {ergonomic}
   size_t InitialHeapSize                          = 264241152                                 {product} {ergonomic}
   size_t MarkStackSize                            = 4194304                                   {product} {ergonomic}
   size_t MaxHeapSize                              = 4215275520                                {product} {ergonomic}
   size_t MinHeapDeltaBytes                        = 2097152                                   {product} {ergonomic}
   size_t MinHeapSize                              = 8388608                                   {product} {ergonomic}
    uintx NonNMethodCodeHeapSize                   = 5839372                                {pd product} {ergonomic}
    uintx NonProfiledCodeHeapSize                  = 122909434                              {pd product} {ergonomic}
    uintx ProfiledCodeHeapSize                     = 122909434                              {pd product} {ergonomic}
    uintx ReservedCodeCacheSize                    = 251658240                              {pd product} {ergonomic}
     bool SegmentedCodeCache                       = true                                      {product} {ergonomic}
   size_t SoftMaxHeapSize                          = 4215275520                             {manageable} {ergonomic}
     bool UseCompressedOops                        = true                           {product lp64_product} {ergonomic}
     bool UseG1GC                                  = true                                      {product} {ergonomic}
     bool UseLargePagesIndividualAllocation        = false                                  {pd product} {ergonomic}

Logging:
Log output configuration:
 #0: stdout all=warning uptime,level,tags foldmultilines=false
 #1: stderr all=off uptime,level,tags foldmultilines=false

Release file:
<release file has not been read>
Environment Variables:
PATH=C:/Program Files/Git/mingw64/libexec/git-core;C:/Program Files/Git/mingw64/libexec/git-core;C:\Program Files\Git\mingw64\bin;C:\Program Files\Git\usr\bin;C:\Users\ASUS\bin;C:\WINDOWS\system32;C:\WINDOWS;C:\WINDOWS\System32\Wbem;C:\WINDOWS\System32\WindowsPowerShell\v1.0\;C:\WINDOWS\System32\OpenSSH\;C:\MinGW\bin;C:\Program Files (x86)\Microsoft SQL Server\160\Tools\Binn\;C:\Program Files\Microsoft SQL Server\160\Tools\Binn\;C:\Program Files\Microsoft SQL Server\Client SDK\ODBC\170\Tools\Binn\;C:\Program Files\Microsoft SQL Server\160\DTS\Binn\;C:\Program Files (x86)\Microsoft SQL Server\160\DTS\Binn\;C:\Users\ASUS\Downloads\php-8.3.26-nts-Win32-vs16-x64;C:\Program Files\Git\cmd;C:\Users\ASUS\AppData\Local\Programs\Python\Python313\Scripts\;C:\Users\ASUS\AppData\Local\Programs\Python\Python313\;C:\Users\ASUS\AppData\Local\Programs\Python\Launcher\;C:\Users\ASUS\AppData\Local\Microsoft\WindowsApps;C:\Users\ASUS\AppData\Local\Programs\Microsoft VS Code\bin
USERNAME=ASUS
DISPLAY=:0.0
LC_ALL=en_US.UTF-8
TERM=xterm-256color
TMPDIR=C:\Users\ASUS\AppData\Local\Temp
OS=Windows_NT
PROCESSOR_IDENTIFIER=Intel64 Family 6 Model 154 Stepping 4, GenuineIntel
TMP=C:\Users\ASUS\AppData\Local\Temp
TEMP=C:\Users\ASUS\AppData\Local\Temp




Periodic native trim disabled

JNI global refs:
JNI global refs: 0, weak refs: 0

JNI global refs memory usage: 0, weak refs: 0

Process memory usage:
Resident Set Size: 13880K (0% of 16463472K total physical memory with 1298788K free physical memory)

OOME stack traces (most recent first):
Classloader memory used:

---------------  S Y S T E M  ---------------

OS:
 Windows 11 , 64 bit Build 26100 (10.0.26100.7920)
OS uptime: 0 days 4:30 hours

CPU: total 12 (initial active 12) (6 cores per cpu, 2 threads per core) family 6 model 154 stepping 4 microcode 0x434, cx8, cmov, fxsr, ht, mmx, 3dnowpref, sse, sse2, sse3, ssse3, sse4.1, sse4.2, popcnt, lzcnt, tsc, tscinvbit, avx, avx2, aes, erms, clmul, bmi1, bmi2, adx, sha, fma, vzeroupper, clflush, clflushopt, clwb, serialize, rdtscp, rdpid, fsrm, f16c, pku, cet_ibt, cet_ss
Processor Information for processor 0
  Max Mhz: 1300, Current Mhz: 1300, Mhz Limit: 1300
Processor Information for processor 1
  Max Mhz: 1300, Current Mhz: 1300, Mhz Limit: 1300
Processor Information for processor 2
  Max Mhz: 1300, Current Mhz: 1300, Mhz Limit: 1300
Processor Information for processor 3
  Max Mhz: 1300, Current Mhz: 1300, Mhz Limit: 1300
Processor Information for processor 4
  Max Mhz: 1300, Current Mhz: 900, Mhz Limit: 897
Processor Information for processor 5
  Max Mhz: 1300, Current Mhz: 900, Mhz Limit: 897
Processor Information for processor 6
  Max Mhz: 1300, Current Mhz: 900, Mhz Limit: 897
Processor Information for processor 7
  Max Mhz: 1300, Current Mhz: 900, Mhz Limit: 897
Processor Information for processor 8
  Max Mhz: 1300, Current Mhz: 900, Mhz Limit: 897
Processor Information for processor 9
  Max Mhz: 1300, Current Mhz: 900, Mhz Limit: 897
Processor Information for processor 10
  Max Mhz: 1300, Current Mhz: 900, Mhz Limit: 897
Processor Information for processor 11
  Max Mhz: 1300, Current Mhz: 900, Mhz Limit: 897

Memory: 4k page, system-wide physical 16077M (1268M free)
TotalPageFile size 27153M (AvailPageFile size 156M)
current process WorkingSet (physical memory assigned to process): 13M, peak: 13M
current process commit charge ("private bytes"): 65M, peak: 316M

vm_info: OpenJDK 64-Bit Server VM (21.0.9+-14787801-b1163.94) for windows-amd64 JRE (21.0.9+-14787801-b1163.94), built on 2026-01-27T21:15:44Z by "builder" with MS VC++ 16.10 / 16.11 (VS2019)

END.
