#
# There is insufficient memory for the Java Runtime Environment to continue.
# Native memory allocation (mmap) failed to map 65536 bytes. Error detail: Failed to commit metaspace.
# Possible reasons:
#   The system is out of physical RAM or swap space
#   This process is running with CompressedOops enabled, and the Java Heap may be blocking the growth of the native heap
# Possible solutions:
#   Reduce memory load on the system
#   Increase physical memory or swap space
#   Check if swap backing store is full
#   Decrease Java heap size (-Xmx/-Xms)
#   Decrease number of Java threads
#   Decrease Java thread stack sizes (-Xss)
#   Set larger code cache with -XX:ReservedCodeCacheSize=
#   JVM is running with Zero Based Compressed Oops mode in which the Java heap is
#     placed in the first 32GB address space. The Java Heap base address is the
#     maximum limit for the native heap growth. Please use -XX:HeapBaseMinAddress
#     to set the Java Heap base and to place the Java Heap above 32GB virtual address.
# This output file may be truncated or incomplete.
#
#  Out of Memory Error (virtualSpaceNode.cpp:113), pid=20592, tid=13828
#
# JRE version: OpenJDK Runtime Environment (21.0.9) (build 21.0.9+-14787801-b1163.94)
# Java VM: OpenJDK 64-Bit Server VM (21.0.9+-14787801-b1163.94, mixed mode, tiered, compressed oops, compressed class ptrs, g1 gc, windows-amd64)
# No core dump will be written. Minidumps are not enabled by default on client versions of Windows
#

---------------  S U M M A R Y ------------

Command Line: git4idea.http.GitAskPassApp Username for 'https://github.com': 

Host: 12th Gen Intel(R) Core(TM) i5-1235U, 12 cores, 15G,  Windows 11 , 64 bit Build 26100 (10.0.26100.7920)
Time: Mon Mar 16 23:38:29 2026 SE Asia Standard Time elapsed time: 0.197360 seconds (0d 0h 0m 0s)

---------------  T H R E A D  ---------------

Current thread (0x000001c026fa4ea0):  JavaThread "main"             [_thread_in_vm, id=13828, stack(0x0000004dba000000,0x0000004dba100000) (1024K)]

Stack: [0x0000004dba000000,0x0000004dba100000]
Native frames: (J=compiled Java code, j=interpreted, Vv=VM code, C=native code)
V  [jvm.dll+0x6d6c99]
V  [jvm.dll+0x866b83]
V  [jvm.dll+0x8691ae]
V  [jvm.dll+0x869893]
V  [jvm.dll+0x280776]
V  [jvm.dll+0x861a3e]
V  [jvm.dll+0x67a1b5]
V  [jvm.dll+0x1e4571]
V  [jvm.dll+0x1e433e]
V  [jvm.dll+0x67cb08]
V  [jvm.dll+0x67c942]
V  [jvm.dll+0x67abae]
V  [jvm.dll+0x684d67]
V  [jvm.dll+0x2164dc]
V  [jvm.dll+0x216a25]
V  [jvm.dll+0x217406]
V  [jvm.dll+0x20c3ba]
V  [jvm.dll+0x5b7535]
V  [jvm.dll+0x21dedc]
V  [jvm.dll+0x7de31c]
V  [jvm.dll+0x7df3b2]
V  [jvm.dll+0x7df974]
V  [jvm.dll+0x7df608]
V  [jvm.dll+0x26eceb]
V  [jvm.dll+0x26ef05]
V  [jvm.dll+0x5da4f7]
V  [jvm.dll+0x5dd61e]
V  [jvm.dll+0x3dc7d0]
V  [jvm.dll+0x3dbe4d]
C  0x000001c033a29060

The last pc belongs to invokestatic (printed below).
Java frames: (J=compiled Java code, j=interpreted, Vv=VM code)
j  sun.security.jca.ProviderList.<init>()V+45 java.base@21.0.9
j  sun.security.jca.ProviderList$2.run()Lsun/security/jca/ProviderList;+4 java.base@21.0.9
j  sun.security.jca.ProviderList$2.run()Ljava/lang/Object;+1 java.base@21.0.9
j  java.security.AccessController.executePrivileged(Ljava/security/PrivilegedAction;Ljava/security/AccessControlContext;Ljava/lang/Class;)Ljava/lang/Object;+29 java.base@21.0.9
j  java.security.AccessController.doPrivileged(Ljava/security/PrivilegedAction;)Ljava/lang/Object;+5 java.base@21.0.9
j  sun.security.jca.ProviderList.fromSecurityProperties()Lsun/security/jca/ProviderList;+7 java.base@21.0.9
j  sun.security.jca.Providers.<clinit>()V+16 java.base@21.0.9
v  ~StubRoutines::call_stub 0x000001c033a1100d
j  sun.security.jca.GetInstance.getInstance(Ljava/lang/String;Ljava/lang/Class;Ljava/lang/String;)Lsun/security/jca/GetInstance$Instance;+0 java.base@21.0.9
j  javax.net.ssl.SSLContext.getInstance(Ljava/lang/String;)Ljavax/net/ssl/SSLContext;+12 java.base@21.0.9
j  externalApp.ExternalAppUtil.sendIdeRequest(Ljava/lang/String;ILjava/lang/String;Ljava/lang/String;)LexternalApp/ExternalAppUtil$Result;+34
j  git4idea.http.GitAskPassApp.entryPoint(LexternalApp/ExternalAppEntry;)I+61
j  git4idea.http.GitAskPassApp.main([Ljava/lang/String;)V+11
v  ~StubRoutines::call_stub 0x000001c033a1100d
invokestatic  184 invokestatic  [0x000001c033a28fc0, 0x000001c033a29288]  712 bytes
[MachCode]
  0x000001c033a28fc0: 4883 ec08 | c5fa 1104 | 24eb 1f48 | 83ec 10c5 | fb11 0424 | eb14 4883 | ec10 4889 | 0424 48c7 
  0x000001c033a28fe0: 4424 0800 | 0000 00eb | 0150 4c89 | 6dc0 410f | b755 0148 | 8b4d d0c1 | e202 8b5c | d138 c1eb 
  0x000001c033a29000: 1081 e3ff | 0000 0081 | fbb8 0000 | 000f 84b4 | 0000 00bb | b800 0000 | e805 0000 | 00e9 9900 
  0x000001c033a29020: 0000 488b | d348 8d44 | 2408 4c89 | 6dc0 498b | cfc5 f877 | 4989 afa8 | 0300 0049 | 8987 9803 
  0x000001c033a29040: 0000 4883 | ec20 40f6 | c40f 0f84 | 1900 0000 | 4883 ec08 | 48b8 e0bd | d653 fa7f | 0000 ffd0 
  0x000001c033a29060: 4883 c408 | e90c 0000 | 0048 b8e0 | bdd6 53fa | 7f00 00ff | d048 83c4 | 2049 c787 | 9803 0000 
  0x000001c033a29080: 0000 0000 | 49c7 87a8 | 0300 0000 | 0000 0049 | c787 a003 | 0000 0000 | 0000 c5f8 | 7749 837f 
  0x000001c033a290a0: 0800 0f84 | 0500 0000 | e953 7efe | ff4c 8b6d | c04c 8b75 | c84e 8d74 | f500 c341 | 0fb7 5501 
  0x000001c033a290c0: 488b 4dd0 | c1e2 0248 | 8b5c d140 | 488b 5b08 | 488b 5b08 | 488b 5b18 | 80bb 6101 | 0000 040f 
  0x000001c033a290e0: 840d 0000 | 004c 3bbb | 6801 0000 | 0f85 21ff | ffff 488b | 5cd1 408b | 54d1 50c1 | ea1c 49ba 
  0x000001c033a29100: 7085 5554 | fa7f 0000 | 498b 14d2 | 5248 8b45 | d848 85c0 | 0f84 1200 | 0000 4883 | 4008 0148 
  0x000001c033a29120: 8358 0800 | 4883 c010 | 4889 45d8 | 488b 45d8 | 4885 c00f | 843d 0100 | 0080 78f0 | 0a0f 8533 
  0x000001c033a29140: 0100 0048 | 83c0 084c | 8b68 f841 | 83ed 0041 | 83fd 020f | 8c12 0100 | 004c 8b6b | 0845 0fb7 
  0x000001c033a29160: 6d2e 4c2b | 2841 83ed | 014e 8b6c | ec08 4d85 | ed75 0ef6 | 4008 0175 | 58f0 4883 | 4808 01eb 
  0x000001c033a29180: 5045 8b6d | 0849 ba00 | 0000 0008 | 0000 004d | 03ea 4d8b | d54c 3368 | 0849 f7c5 | fcff ffff 
  0x000001c033a291a0: 742f 41f6 | c502 7529 | 4883 7808 | 0074 1e48 | 8378 0801 | 7417 4d8b | ea4c 3368 | 0849 f7c5 
  0x000001c033a291c0: fcff ffff | 740b 4883 | 4808 02eb | 044c 8968 | 0848 83c0 | 104c 8b68 | e841 83ed | 0241 83fd 
  0x000001c033a291e0: 020f 8c84 | 0000 004c | 8b6b 0845 | 0fb7 6d2e | 4c2b 2841 | 83ed 014e | 8b6c ec08 | 4d85 ed75 
  0x000001c033a29200: 0ef6 4008 | 0175 58f0 | 4883 4808 | 01eb 5045 | 8b6d 0849 | ba00 0000 | 0008 0000 | 004d 03ea 
  0x000001c033a29220: 4d8b d54c | 3368 0849 | f7c5 fcff | ffff 742f | 41f6 c502 | 7529 4883 | 7808 0074 | 1e48 8378 
  0x000001c033a29240: 0801 7417 | 4d8b ea4c | 3368 0849 | f7c5 fcff | ffff 740b | 4883 4808 | 02eb 044c | 8968 0848 
  0x000001c033a29260: 83c0 104c | 8b68 d841 | 83ed 0441 | c1e5 0349 | 03c5 4889 | 45d8 4c8d | 6c24 084c | 896d f0ff 
  0x000001c033a29280: 6368 660f | 1f44 0000 
[/MachCode]

---------------  P R O C E S S  ---------------

Threads class SMR info:
_java_thread_list=0x000001c0438eb950, length=11, elements={
0x000001c026fa4ea0, 0x000001c04373dee0, 0x000001c04374c030, 0x000001c043740cd0,
0x000001c043765320, 0x000001c0437661a0, 0x000001c043766c00, 0x000001c04376f840,
0x000001c0437749f0, 0x000001c043775490, 0x000001c043907d40
}

Java Threads: ( => current thread )
=>0x000001c026fa4ea0 JavaThread "main"                              [_thread_in_vm, id=13828, stack(0x0000004dba000000,0x0000004dba100000) (1024K)]
  0x000001c04373dee0 JavaThread "Common-Cleaner"             daemon [_thread_blocked, id=11104, stack(0x0000004dba800000,0x0000004dba900000) (1024K)]
  0x000001c04374c030 JavaThread "Reference Handler"          daemon [_thread_blocked, id=20196, stack(0x0000004dba900000,0x0000004dbaa00000) (1024K)]
  0x000001c043740cd0 JavaThread "Finalizer"                  daemon [_thread_blocked, id=1632, stack(0x0000004dbaa00000,0x0000004dbab00000) (1024K)]
  0x000001c043765320 JavaThread "Signal Dispatcher"          daemon [_thread_blocked, id=26400, stack(0x0000004dbab00000,0x0000004dbac00000) (1024K)]
  0x000001c0437661a0 JavaThread "Attach Listener"            daemon [_thread_blocked, id=26660, stack(0x0000004dbac00000,0x0000004dbad00000) (1024K)]
  0x000001c043766c00 JavaThread "Service Thread"             daemon [_thread_blocked, id=8656, stack(0x0000004dbad00000,0x0000004dbae00000) (1024K)]
  0x000001c04376f840 JavaThread "Monitor Deflation Thread"   daemon [_thread_blocked, id=26392, stack(0x0000004dbae00000,0x0000004dbaf00000) (1024K)]
  0x000001c0437749f0 JavaThread "C2 CompilerThread0"         daemon [_thread_blocked, id=6864, stack(0x0000004dbaf00000,0x0000004dbb000000) (1024K)]
  0x000001c043775490 JavaThread "C1 CompilerThread0"         daemon [_thread_blocked, id=21628, stack(0x0000004dbb000000,0x0000004dbb100000) (1024K)]
  0x000001c043907d40 JavaThread "Notification Thread"        daemon [_thread_blocked, id=18336, stack(0x0000004dbb100000,0x0000004dbb200000) (1024K)]
Total: 11

Other Threads:
  0x000001c042fe9710 VMThread "VM Thread"                           [id=17008, stack(0x0000004dba700000,0x0000004dba800000) (1024K)]
  0x000001c042fd7d90 WatcherThread "VM Periodic Task Thread"        [id=23992, stack(0x0000004dba600000,0x0000004dba700000) (1024K)]
  0x000001c0293e4ef0 WorkerThread "GC Thread#0"                     [id=26532, stack(0x0000004dba100000,0x0000004dba200000) (1024K)]
  0x000001c0293f6930 ConcurrentGCThread "G1 Main Marker"            [id=15568, stack(0x0000004dba200000,0x0000004dba300000) (1024K)]
  0x000001c0293f8180 WorkerThread "G1 Conc#0"                       [id=9752, stack(0x0000004dba300000,0x0000004dba400000) (1024K)]
  0x000001c02943ea90 ConcurrentGCThread "G1 Refine#0"               [id=26180, stack(0x0000004dba400000,0x0000004dba500000) (1024K)]
  0x000001c042e9e4a0 ConcurrentGCThread "G1 Service"                [id=25984, stack(0x0000004dba500000,0x0000004dba600000) (1024K)]
Total: 7

Threads with active compile tasks:
Total: 0

VM state: not at safepoint (normal execution)

VM Mutex/Monitor currently owned by a thread:  ([mutex/lock_event])
[0x00007ffa54546490] Metaspace_lock - owner thread: 0x000001c026fa4ea0

Heap address: 0x0000000704c00000, size: 4020 MB, Compressed Oops mode: Zero based, Oop shift amount: 3

CDS archive(s) not mapped
Compressed class space mapped at: 0x0000000800000000-0x0000000840000000, reserved size: 1073741824
Narrow klass base: 0x0000000800000000, Narrow klass shift: 0, Narrow klass range: 0x40000000

GC Precious Log:
 CardTable entry size: 512
 Card Set container configuration: InlinePtr #cards 4 size 8 Array Of Cards #cards 16 size 48 Howl #buckets 8 coarsen threshold 3686 Howl Bitmap #cards 512 size 80 coarsen threshold 460 Card regions per heap region 1 cards per card region 4096
 CPUs: 12 total, 12 available
 Memory: 16077M
 Large Page Support: Disabled
 NUMA Support: Disabled
 Compressed Oops: Enabled (Zero based)
 Heap Region Size: 2M
 Heap Min Capacity: 8M
 Heap Initial Capacity: 252M
 Heap Max Capacity: 4020M
 Pre-touch: Disabled
 Parallel Workers: 10
 Concurrent Workers: 3
 Concurrent Refinement Workers: 10
 Periodic GC: Disabled

Heap:
 garbage-first heap   total 258048K, used 2048K [0x0000000704c00000, 0x0000000800000000)
  region size 2048K, 2 young (4096K), 0 survivors (0K)
 Metaspace       used 5670K, committed 5760K, reserved 1114112K
  class space    used 528K, committed 576K, reserved 1048576K

Heap Regions: E=young(eden), S=young(survivor), O=old, HS=humongous(starts), HC=humongous(continues), CS=collection set, F=free, TAMS=top-at-mark-start, PB=parsable bottom
|   0|0x0000000704c00000, 0x0000000704c00000, 0x0000000704e00000|  0%| F|  |TAMS 0x0000000704c00000| PB 0x0000000704c00000| Untracked 
|   1|0x0000000704e00000, 0x0000000704e00000, 0x0000000705000000|  0%| F|  |TAMS 0x0000000704e00000| PB 0x0000000704e00000| Untracked 
|   2|0x0000000705000000, 0x0000000705000000, 0x0000000705200000|  0%| F|  |TAMS 0x0000000705000000| PB 0x0000000705000000| Untracked 
|   3|0x0000000705200000, 0x0000000705200000, 0x0000000705400000|  0%| F|  |TAMS 0x0000000705200000| PB 0x0000000705200000| Untracked 
|   4|0x0000000705400000, 0x0000000705400000, 0x0000000705600000|  0%| F|  |TAMS 0x0000000705400000| PB 0x0000000705400000| Untracked 
|   5|0x0000000705600000, 0x0000000705600000, 0x0000000705800000|  0%| F|  |TAMS 0x0000000705600000| PB 0x0000000705600000| Untracked 
|   6|0x0000000705800000, 0x0000000705800000, 0x0000000705a00000|  0%| F|  |TAMS 0x0000000705800000| PB 0x0000000705800000| Untracked 
|   7|0x0000000705a00000, 0x0000000705a00000, 0x0000000705c00000|  0%| F|  |TAMS 0x0000000705a00000| PB 0x0000000705a00000| Untracked 
|   8|0x0000000705c00000, 0x0000000705c00000, 0x0000000705e00000|  0%| F|  |TAMS 0x0000000705c00000| PB 0x0000000705c00000| Untracked 
|   9|0x0000000705e00000, 0x0000000705e00000, 0x0000000706000000|  0%| F|  |TAMS 0x0000000705e00000| PB 0x0000000705e00000| Untracked 
|  10|0x0000000706000000, 0x0000000706000000, 0x0000000706200000|  0%| F|  |TAMS 0x0000000706000000| PB 0x0000000706000000| Untracked 
|  11|0x0000000706200000, 0x0000000706200000, 0x0000000706400000|  0%| F|  |TAMS 0x0000000706200000| PB 0x0000000706200000| Untracked 
|  12|0x0000000706400000, 0x0000000706400000, 0x0000000706600000|  0%| F|  |TAMS 0x0000000706400000| PB 0x0000000706400000| Untracked 
|  13|0x0000000706600000, 0x0000000706600000, 0x0000000706800000|  0%| F|  |TAMS 0x0000000706600000| PB 0x0000000706600000| Untracked 
|  14|0x0000000706800000, 0x0000000706800000, 0x0000000706a00000|  0%| F|  |TAMS 0x0000000706800000| PB 0x0000000706800000| Untracked 
|  15|0x0000000706a00000, 0x0000000706a00000, 0x0000000706c00000|  0%| F|  |TAMS 0x0000000706a00000| PB 0x0000000706a00000| Untracked 
|  16|0x0000000706c00000, 0x0000000706c00000, 0x0000000706e00000|  0%| F|  |TAMS 0x0000000706c00000| PB 0x0000000706c00000| Untracked 
|  17|0x0000000706e00000, 0x0000000706e00000, 0x0000000707000000|  0%| F|  |TAMS 0x0000000706e00000| PB 0x0000000706e00000| Untracked 
|  18|0x0000000707000000, 0x0000000707000000, 0x0000000707200000|  0%| F|  |TAMS 0x0000000707000000| PB 0x0000000707000000| Untracked 
|  19|0x0000000707200000, 0x0000000707200000, 0x0000000707400000|  0%| F|  |TAMS 0x0000000707200000| PB 0x0000000707200000| Untracked 
|  20|0x0000000707400000, 0x0000000707400000, 0x0000000707600000|  0%| F|  |TAMS 0x0000000707400000| PB 0x0000000707400000| Untracked 
|  21|0x0000000707600000, 0x0000000707600000, 0x0000000707800000|  0%| F|  |TAMS 0x0000000707600000| PB 0x0000000707600000| Untracked 
|  22|0x0000000707800000, 0x0000000707800000, 0x0000000707a00000|  0%| F|  |TAMS 0x0000000707800000| PB 0x0000000707800000| Untracked 
|  23|0x0000000707a00000, 0x0000000707a00000, 0x0000000707c00000|  0%| F|  |TAMS 0x0000000707a00000| PB 0x0000000707a00000| Untracked 
|  24|0x0000000707c00000, 0x0000000707c00000, 0x0000000707e00000|  0%| F|  |TAMS 0x0000000707c00000| PB 0x0000000707c00000| Untracked 
|  25|0x0000000707e00000, 0x0000000707e00000, 0x0000000708000000|  0%| F|  |TAMS 0x0000000707e00000| PB 0x0000000707e00000| Untracked 
|  26|0x0000000708000000, 0x0000000708000000, 0x0000000708200000|  0%| F|  |TAMS 0x0000000708000000| PB 0x0000000708000000| Untracked 
|  27|0x0000000708200000, 0x0000000708200000, 0x0000000708400000|  0%| F|  |TAMS 0x0000000708200000| PB 0x0000000708200000| Untracked 
|  28|0x0000000708400000, 0x0000000708400000, 0x0000000708600000|  0%| F|  |TAMS 0x0000000708400000| PB 0x0000000708400000| Untracked 
|  29|0x0000000708600000, 0x0000000708600000, 0x0000000708800000|  0%| F|  |TAMS 0x0000000708600000| PB 0x0000000708600000| Untracked 
|  30|0x0000000708800000, 0x0000000708800000, 0x0000000708a00000|  0%| F|  |TAMS 0x0000000708800000| PB 0x0000000708800000| Untracked 
|  31|0x0000000708a00000, 0x0000000708a00000, 0x0000000708c00000|  0%| F|  |TAMS 0x0000000708a00000| PB 0x0000000708a00000| Untracked 
|  32|0x0000000708c00000, 0x0000000708c00000, 0x0000000708e00000|  0%| F|  |TAMS 0x0000000708c00000| PB 0x0000000708c00000| Untracked 
|  33|0x0000000708e00000, 0x0000000708e00000, 0x0000000709000000|  0%| F|  |TAMS 0x0000000708e00000| PB 0x0000000708e00000| Untracked 
|  34|0x0000000709000000, 0x0000000709000000, 0x0000000709200000|  0%| F|  |TAMS 0x0000000709000000| PB 0x0000000709000000| Untracked 
|  35|0x0000000709200000, 0x0000000709200000, 0x0000000709400000|  0%| F|  |TAMS 0x0000000709200000| PB 0x0000000709200000| Untracked 
|  36|0x0000000709400000, 0x0000000709400000, 0x0000000709600000|  0%| F|  |TAMS 0x0000000709400000| PB 0x0000000709400000| Untracked 
|  37|0x0000000709600000, 0x0000000709600000, 0x0000000709800000|  0%| F|  |TAMS 0x0000000709600000| PB 0x0000000709600000| Untracked 
|  38|0x0000000709800000, 0x0000000709800000, 0x0000000709a00000|  0%| F|  |TAMS 0x0000000709800000| PB 0x0000000709800000| Untracked 
|  39|0x0000000709a00000, 0x0000000709a00000, 0x0000000709c00000|  0%| F|  |TAMS 0x0000000709a00000| PB 0x0000000709a00000| Untracked 
|  40|0x0000000709c00000, 0x0000000709c00000, 0x0000000709e00000|  0%| F|  |TAMS 0x0000000709c00000| PB 0x0000000709c00000| Untracked 
|  41|0x0000000709e00000, 0x0000000709e00000, 0x000000070a000000|  0%| F|  |TAMS 0x0000000709e00000| PB 0x0000000709e00000| Untracked 
|  42|0x000000070a000000, 0x000000070a000000, 0x000000070a200000|  0%| F|  |TAMS 0x000000070a000000| PB 0x000000070a000000| Untracked 
|  43|0x000000070a200000, 0x000000070a200000, 0x000000070a400000|  0%| F|  |TAMS 0x000000070a200000| PB 0x000000070a200000| Untracked 
|  44|0x000000070a400000, 0x000000070a400000, 0x000000070a600000|  0%| F|  |TAMS 0x000000070a400000| PB 0x000000070a400000| Untracked 
|  45|0x000000070a600000, 0x000000070a600000, 0x000000070a800000|  0%| F|  |TAMS 0x000000070a600000| PB 0x000000070a600000| Untracked 
|  46|0x000000070a800000, 0x000000070a800000, 0x000000070aa00000|  0%| F|  |TAMS 0x000000070a800000| PB 0x000000070a800000| Untracked 
|  47|0x000000070aa00000, 0x000000070aa00000, 0x000000070ac00000|  0%| F|  |TAMS 0x000000070aa00000| PB 0x000000070aa00000| Untracked 
|  48|0x000000070ac00000, 0x000000070ac00000, 0x000000070ae00000|  0%| F|  |TAMS 0x000000070ac00000| PB 0x000000070ac00000| Untracked 
|  49|0x000000070ae00000, 0x000000070ae00000, 0x000000070b000000|  0%| F|  |TAMS 0x000000070ae00000| PB 0x000000070ae00000| Untracked 
|  50|0x000000070b000000, 0x000000070b000000, 0x000000070b200000|  0%| F|  |TAMS 0x000000070b000000| PB 0x000000070b000000| Untracked 
|  51|0x000000070b200000, 0x000000070b200000, 0x000000070b400000|  0%| F|  |TAMS 0x000000070b200000| PB 0x000000070b200000| Untracked 
|  52|0x000000070b400000, 0x000000070b400000, 0x000000070b600000|  0%| F|  |TAMS 0x000000070b400000| PB 0x000000070b400000| Untracked 
|  53|0x000000070b600000, 0x000000070b600000, 0x000000070b800000|  0%| F|  |TAMS 0x000000070b600000| PB 0x000000070b600000| Untracked 
|  54|0x000000070b800000, 0x000000070b800000, 0x000000070ba00000|  0%| F|  |TAMS 0x000000070b800000| PB 0x000000070b800000| Untracked 
|  55|0x000000070ba00000, 0x000000070ba00000, 0x000000070bc00000|  0%| F|  |TAMS 0x000000070ba00000| PB 0x000000070ba00000| Untracked 
|  56|0x000000070bc00000, 0x000000070bc00000, 0x000000070be00000|  0%| F|  |TAMS 0x000000070bc00000| PB 0x000000070bc00000| Untracked 
|  57|0x000000070be00000, 0x000000070be00000, 0x000000070c000000|  0%| F|  |TAMS 0x000000070be00000| PB 0x000000070be00000| Untracked 
|  58|0x000000070c000000, 0x000000070c000000, 0x000000070c200000|  0%| F|  |TAMS 0x000000070c000000| PB 0x000000070c000000| Untracked 
|  59|0x000000070c200000, 0x000000070c200000, 0x000000070c400000|  0%| F|  |TAMS 0x000000070c200000| PB 0x000000070c200000| Untracked 
|  60|0x000000070c400000, 0x000000070c400000, 0x000000070c600000|  0%| F|  |TAMS 0x000000070c400000| PB 0x000000070c400000| Untracked 
|  61|0x000000070c600000, 0x000000070c600000, 0x000000070c800000|  0%| F|  |TAMS 0x000000070c600000| PB 0x000000070c600000| Untracked 
|  62|0x000000070c800000, 0x000000070c800000, 0x000000070ca00000|  0%| F|  |TAMS 0x000000070c800000| PB 0x000000070c800000| Untracked 
|  63|0x000000070ca00000, 0x000000070ca00000, 0x000000070cc00000|  0%| F|  |TAMS 0x000000070ca00000| PB 0x000000070ca00000| Untracked 
|  64|0x000000070cc00000, 0x000000070cc00000, 0x000000070ce00000|  0%| F|  |TAMS 0x000000070cc00000| PB 0x000000070cc00000| Untracked 
|  65|0x000000070ce00000, 0x000000070ce00000, 0x000000070d000000|  0%| F|  |TAMS 0x000000070ce00000| PB 0x000000070ce00000| Untracked 
|  66|0x000000070d000000, 0x000000070d000000, 0x000000070d200000|  0%| F|  |TAMS 0x000000070d000000| PB 0x000000070d000000| Untracked 
|  67|0x000000070d200000, 0x000000070d200000, 0x000000070d400000|  0%| F|  |TAMS 0x000000070d200000| PB 0x000000070d200000| Untracked 
|  68|0x000000070d400000, 0x000000070d400000, 0x000000070d600000|  0%| F|  |TAMS 0x000000070d400000| PB 0x000000070d400000| Untracked 
|  69|0x000000070d600000, 0x000000070d600000, 0x000000070d800000|  0%| F|  |TAMS 0x000000070d600000| PB 0x000000070d600000| Untracked 
|  70|0x000000070d800000, 0x000000070d800000, 0x000000070da00000|  0%| F|  |TAMS 0x000000070d800000| PB 0x000000070d800000| Untracked 
|  71|0x000000070da00000, 0x000000070da00000, 0x000000070dc00000|  0%| F|  |TAMS 0x000000070da00000| PB 0x000000070da00000| Untracked 
|  72|0x000000070dc00000, 0x000000070dc00000, 0x000000070de00000|  0%| F|  |TAMS 0x000000070dc00000| PB 0x000000070dc00000| Untracked 
|  73|0x000000070de00000, 0x000000070de00000, 0x000000070e000000|  0%| F|  |TAMS 0x000000070de00000| PB 0x000000070de00000| Untracked 
|  74|0x000000070e000000, 0x000000070e000000, 0x000000070e200000|  0%| F|  |TAMS 0x000000070e000000| PB 0x000000070e000000| Untracked 
|  75|0x000000070e200000, 0x000000070e200000, 0x000000070e400000|  0%| F|  |TAMS 0x000000070e200000| PB 0x000000070e200000| Untracked 
|  76|0x000000070e400000, 0x000000070e400000, 0x000000070e600000|  0%| F|  |TAMS 0x000000070e400000| PB 0x000000070e400000| Untracked 
|  77|0x000000070e600000, 0x000000070e600000, 0x000000070e800000|  0%| F|  |TAMS 0x000000070e600000| PB 0x000000070e600000| Untracked 
|  78|0x000000070e800000, 0x000000070e800000, 0x000000070ea00000|  0%| F|  |TAMS 0x000000070e800000| PB 0x000000070e800000| Untracked 
|  79|0x000000070ea00000, 0x000000070ea00000, 0x000000070ec00000|  0%| F|  |TAMS 0x000000070ea00000| PB 0x000000070ea00000| Untracked 
|  80|0x000000070ec00000, 0x000000070ec00000, 0x000000070ee00000|  0%| F|  |TAMS 0x000000070ec00000| PB 0x000000070ec00000| Untracked 
|  81|0x000000070ee00000, 0x000000070ee00000, 0x000000070f000000|  0%| F|  |TAMS 0x000000070ee00000| PB 0x000000070ee00000| Untracked 
|  82|0x000000070f000000, 0x000000070f000000, 0x000000070f200000|  0%| F|  |TAMS 0x000000070f000000| PB 0x000000070f000000| Untracked 
|  83|0x000000070f200000, 0x000000070f200000, 0x000000070f400000|  0%| F|  |TAMS 0x000000070f200000| PB 0x000000070f200000| Untracked 
|  84|0x000000070f400000, 0x000000070f400000, 0x000000070f600000|  0%| F|  |TAMS 0x000000070f400000| PB 0x000000070f400000| Untracked 
|  85|0x000000070f600000, 0x000000070f600000, 0x000000070f800000|  0%| F|  |TAMS 0x000000070f600000| PB 0x000000070f600000| Untracked 
|  86|0x000000070f800000, 0x000000070f800000, 0x000000070fa00000|  0%| F|  |TAMS 0x000000070f800000| PB 0x000000070f800000| Untracked 
|  87|0x000000070fa00000, 0x000000070fa00000, 0x000000070fc00000|  0%| F|  |TAMS 0x000000070fa00000| PB 0x000000070fa00000| Untracked 
|  88|0x000000070fc00000, 0x000000070fc00000, 0x000000070fe00000|  0%| F|  |TAMS 0x000000070fc00000| PB 0x000000070fc00000| Untracked 
|  89|0x000000070fe00000, 0x000000070fe00000, 0x0000000710000000|  0%| F|  |TAMS 0x000000070fe00000| PB 0x000000070fe00000| Untracked 
|  90|0x0000000710000000, 0x0000000710000000, 0x0000000710200000|  0%| F|  |TAMS 0x0000000710000000| PB 0x0000000710000000| Untracked 
|  91|0x0000000710200000, 0x0000000710200000, 0x0000000710400000|  0%| F|  |TAMS 0x0000000710200000| PB 0x0000000710200000| Untracked 
|  92|0x0000000710400000, 0x0000000710400000, 0x0000000710600000|  0%| F|  |TAMS 0x0000000710400000| PB 0x0000000710400000| Untracked 
|  93|0x0000000710600000, 0x0000000710600000, 0x0000000710800000|  0%| F|  |TAMS 0x0000000710600000| PB 0x0000000710600000| Untracked 
|  94|0x0000000710800000, 0x0000000710800000, 0x0000000710a00000|  0%| F|  |TAMS 0x0000000710800000| PB 0x0000000710800000| Untracked 
|  95|0x0000000710a00000, 0x0000000710a00000, 0x0000000710c00000|  0%| F|  |TAMS 0x0000000710a00000| PB 0x0000000710a00000| Untracked 
|  96|0x0000000710c00000, 0x0000000710c00000, 0x0000000710e00000|  0%| F|  |TAMS 0x0000000710c00000| PB 0x0000000710c00000| Untracked 
|  97|0x0000000710e00000, 0x0000000710e00000, 0x0000000711000000|  0%| F|  |TAMS 0x0000000710e00000| PB 0x0000000710e00000| Untracked 
|  98|0x0000000711000000, 0x0000000711000000, 0x0000000711200000|  0%| F|  |TAMS 0x0000000711000000| PB 0x0000000711000000| Untracked 
|  99|0x0000000711200000, 0x0000000711200000, 0x0000000711400000|  0%| F|  |TAMS 0x0000000711200000| PB 0x0000000711200000| Untracked 
| 100|0x0000000711400000, 0x0000000711400000, 0x0000000711600000|  0%| F|  |TAMS 0x0000000711400000| PB 0x0000000711400000| Untracked 
| 101|0x0000000711600000, 0x0000000711600000, 0x0000000711800000|  0%| F|  |TAMS 0x0000000711600000| PB 0x0000000711600000| Untracked 
| 102|0x0000000711800000, 0x0000000711800000, 0x0000000711a00000|  0%| F|  |TAMS 0x0000000711800000| PB 0x0000000711800000| Untracked 
| 103|0x0000000711a00000, 0x0000000711a00000, 0x0000000711c00000|  0%| F|  |TAMS 0x0000000711a00000| PB 0x0000000711a00000| Untracked 
| 104|0x0000000711c00000, 0x0000000711c00000, 0x0000000711e00000|  0%| F|  |TAMS 0x0000000711c00000| PB 0x0000000711c00000| Untracked 
| 105|0x0000000711e00000, 0x0000000711e00000, 0x0000000712000000|  0%| F|  |TAMS 0x0000000711e00000| PB 0x0000000711e00000| Untracked 
| 106|0x0000000712000000, 0x0000000712000000, 0x0000000712200000|  0%| F|  |TAMS 0x0000000712000000| PB 0x0000000712000000| Untracked 
| 107|0x0000000712200000, 0x0000000712200000, 0x0000000712400000|  0%| F|  |TAMS 0x0000000712200000| PB 0x0000000712200000| Untracked 
| 108|0x0000000712400000, 0x0000000712400000, 0x0000000712600000|  0%| F|  |TAMS 0x0000000712400000| PB 0x0000000712400000| Untracked 
| 109|0x0000000712600000, 0x0000000712600000, 0x0000000712800000|  0%| F|  |TAMS 0x0000000712600000| PB 0x0000000712600000| Untracked 
| 110|0x0000000712800000, 0x0000000712800000, 0x0000000712a00000|  0%| F|  |TAMS 0x0000000712800000| PB 0x0000000712800000| Untracked 
| 111|0x0000000712a00000, 0x0000000712a00000, 0x0000000712c00000|  0%| F|  |TAMS 0x0000000712a00000| PB 0x0000000712a00000| Untracked 
| 112|0x0000000712c00000, 0x0000000712c00000, 0x0000000712e00000|  0%| F|  |TAMS 0x0000000712c00000| PB 0x0000000712c00000| Untracked 
| 113|0x0000000712e00000, 0x0000000712e00000, 0x0000000713000000|  0%| F|  |TAMS 0x0000000712e00000| PB 0x0000000712e00000| Untracked 
| 114|0x0000000713000000, 0x0000000713000000, 0x0000000713200000|  0%| F|  |TAMS 0x0000000713000000| PB 0x0000000713000000| Untracked 
| 115|0x0000000713200000, 0x0000000713200000, 0x0000000713400000|  0%| F|  |TAMS 0x0000000713200000| PB 0x0000000713200000| Untracked 
| 116|0x0000000713400000, 0x0000000713400000, 0x0000000713600000|  0%| F|  |TAMS 0x0000000713400000| PB 0x0000000713400000| Untracked 
| 117|0x0000000713600000, 0x0000000713600000, 0x0000000713800000|  0%| F|  |TAMS 0x0000000713600000| PB 0x0000000713600000| Untracked 
| 118|0x0000000713800000, 0x0000000713800000, 0x0000000713a00000|  0%| F|  |TAMS 0x0000000713800000| PB 0x0000000713800000| Untracked 
| 119|0x0000000713a00000, 0x0000000713a00000, 0x0000000713c00000|  0%| F|  |TAMS 0x0000000713a00000| PB 0x0000000713a00000| Untracked 
| 120|0x0000000713c00000, 0x0000000713c00000, 0x0000000713e00000|  0%| F|  |TAMS 0x0000000713c00000| PB 0x0000000713c00000| Untracked 
| 121|0x0000000713e00000, 0x0000000713e00000, 0x0000000714000000|  0%| F|  |TAMS 0x0000000713e00000| PB 0x0000000713e00000| Untracked 
| 122|0x0000000714000000, 0x0000000714000000, 0x0000000714200000|  0%| F|  |TAMS 0x0000000714000000| PB 0x0000000714000000| Untracked 
| 123|0x0000000714200000, 0x0000000714200000, 0x0000000714400000|  0%| F|  |TAMS 0x0000000714200000| PB 0x0000000714200000| Untracked 
| 124|0x0000000714400000, 0x0000000714470a70, 0x0000000714600000| 22%| E|  |TAMS 0x0000000714400000| PB 0x0000000714400000| Complete 
| 125|0x0000000714600000, 0x0000000714800000, 0x0000000714800000|100%| E|CS|TAMS 0x0000000714600000| PB 0x0000000714600000| Complete 

Card table byte_map: [0x000001c03c210000,0x000001c03c9f0000] _byte_map_base: 0x000001c0389ea000

Marking Bits: (CMBitMap*) 0x000001c0293e5500
 Bits: [0x000001c03c9f0000, 0x000001c0408c0000)

Polling page: 0x000001c027170000

Metaspace:

Usage:
  Non-class:      5.02 MB used.
      Class:    528.37 KB used.
       Both:      5.54 MB used.

Virtual space:
  Non-class space:       64.00 MB reserved,       5.06 MB (  8%) committed,  1 nodes.
      Class space:        1.00 GB reserved,     576.00 KB ( <1%) committed,  1 nodes.
             Both:        1.06 GB reserved,       5.62 MB ( <1%) committed. 

Chunk freelists:
   Non-Class:  10.48 MB
       Class:  15.25 MB
        Both:  25.73 MB

MaxMetaspaceSize: unlimited
CompressedClassSpaceSize: 1.00 GB
Initial GC threshold: 21.00 MB
Current GC threshold: 21.00 MB
CDS: off
 - commit_granule_bytes: 65536.
 - commit_granule_words: 8192.
 - virtual_space_node_default_size: 8388608.
 - enlarge_chunks_in_place: 1.
 - use_allocation_guard: 0.


Internal statistics:

num_allocs_failed_limit: 0.
num_arena_births: 4.
num_arena_deaths: 0.
num_vsnodes_births: 2.
num_vsnodes_deaths: 0.
num_space_committed: 90.
num_space_uncommitted: 0.
num_chunks_returned_to_freelist: 0.
num_chunks_taken_from_freelist: 16.
num_chunk_merges: 0.
num_chunk_splits: 7.
num_chunks_enlarged: 3.
num_inconsistent_stats: 0.

CodeHeap 'non-profiled nmethods': size=120000Kb used=18Kb max_used=18Kb free=119981Kb
 bounds [0x000001c033fb0000, 0x000001c034220000, 0x000001c03b4e0000]
CodeHeap 'profiled nmethods': size=120000Kb used=113Kb max_used=113Kb free=119887Kb
 bounds [0x000001c02c4e0000, 0x000001c02c750000, 0x000001c033a10000]
CodeHeap 'non-nmethods': size=5760Kb used=1168Kb max_used=1168Kb free=4591Kb
 bounds [0x000001c033a10000, 0x000001c033c80000, 0x000001c033fb0000]
CodeCache: size=245760Kb, used=1299Kb, max_used=1299Kb, free=244459Kb
 total_blobs=443, nmethods=86, adapters=262, full_count=0
Compilation: enabled, stopped_count=0, restarted_count=0

Compilation events (20 events):
Event: 0.186 Thread 0x000001c043775490   76       3       java.lang.CharacterData::of (136 bytes)
Event: 0.187 Thread 0x000001c043775490 nmethod 76 0x000001c02c4f8f10 code [0x000001c02c4f9160, 0x000001c02c4f9aa0]
Event: 0.187 Thread 0x000001c043775490   78       3       java.lang.Character::toUpperCase (9 bytes)
Event: 0.187 Thread 0x000001c043775490 nmethod 78 0x000001c02c4f9d10 code [0x000001c02c4f9ec0, 0x000001c02c4fa0b8]
Event: 0.187 Thread 0x000001c043775490   79       3       java.lang.CharacterDataLatin1::toUpperCase (67 bytes)
Event: 0.187 Thread 0x000001c043775490 nmethod 79 0x000001c02c4fa190 code [0x000001c02c4fa360, 0x000001c02c4fa688]
Event: 0.187 Thread 0x000001c043775490   77       3       java.lang.Character::toUpperCase (6 bytes)
Event: 0.187 Thread 0x000001c043775490 nmethod 77 0x000001c02c4fa710 code [0x000001c02c4fa8e0, 0x000001c02c4fab38]
Event: 0.187 Thread 0x000001c043775490   80       3       java.util.TreeMap::parentOf (13 bytes)
Event: 0.187 Thread 0x000001c043775490 nmethod 80 0x000001c02c4fac10 code [0x000001c02c4fadc0, 0x000001c02c4faf30]
Event: 0.187 Thread 0x000001c043775490   81       1       java.util.HashMap$Node::getKey (5 bytes)
Event: 0.187 Thread 0x000001c043775490 nmethod 81 0x000001c033fb4510 code [0x000001c033fb46a0, 0x000001c033fb4770]
Event: 0.187 Thread 0x000001c043775490   82       1       java.util.HashMap$Node::getValue (5 bytes)
Event: 0.187 Thread 0x000001c043775490 nmethod 82 0x000001c033fb4810 code [0x000001c033fb49a0, 0x000001c033fb4a70]
Event: 0.188 Thread 0x000001c043775490   84       3       java.lang.String::checkBoundsBeginEnd (11 bytes)
Event: 0.188 Thread 0x000001c043775490 nmethod 84 0x000001c02c4fb010 code [0x000001c02c4fb1c0, 0x000001c02c4fb3f0]
Event: 0.188 Thread 0x000001c043775490   85       3       java.lang.String::substring (58 bytes)
Event: 0.189 Thread 0x000001c043775490 nmethod 85 0x000001c02c4fb510 code [0x000001c02c4fb740, 0x000001c02c4fbd18]
Event: 0.194 Thread 0x000001c043775490   86       3       java.lang.CharacterDataLatin1::toLowerCase (44 bytes)
Event: 0.194 Thread 0x000001c043775490 nmethod 86 0x000001c02c4fbf90 code [0x000001c02c4fc140, 0x000001c02c4fc3a8]

GC Heap History (0 events):
No events

Dll operation events (2 events):
Event: 0.008 Loaded shared library D:\Android Studio1\jbr\bin\java.dll
Event: 0.016 Loaded shared library D:\Android Studio1\jbr\bin\zip.dll

Deoptimization events (0 events):
No events

Classes loaded (20 events):
Event: 0.194 Loading class jdk/internal/math/FloatingDecimal$ExceptionalBinaryToASCIIBuffer done
Event: 0.194 Loading class jdk/internal/math/FloatingDecimal$BinaryToASCIIBuffer
Event: 0.194 Loading class jdk/internal/math/FloatingDecimal$BinaryToASCIIBuffer done
Event: 0.194 Loading class jdk/internal/math/FloatingDecimal$1
Event: 0.194 Loading class jdk/internal/math/FloatingDecimal$1 done
Event: 0.194 Loading class jdk/internal/math/FloatingDecimal$PreparedASCIIToBinaryBuffer
Event: 0.195 Loading class jdk/internal/math/FloatingDecimal$ASCIIToBinaryConverter
Event: 0.195 Loading class jdk/internal/math/FloatingDecimal$ASCIIToBinaryConverter done
Event: 0.195 Loading class jdk/internal/math/FloatingDecimal$PreparedASCIIToBinaryBuffer done
Event: 0.195 Loading class jdk/internal/math/FloatingDecimal$ASCIIToBinaryBuffer
Event: 0.195 Loading class jdk/internal/math/FloatingDecimal$ASCIIToBinaryBuffer done
Event: 0.195 Loading class java/util/LinkedHashSet
Event: 0.195 Loading class java/util/SequencedSet
Event: 0.195 Loading class java/util/SequencedSet done
Event: 0.195 Loading class java/util/LinkedHashSet done
Event: 0.195 Loading class java/util/LinkedHashMap
Event: 0.195 Loading class java/util/LinkedHashMap done
Event: 0.195 Loading class sun/security/jca/ProviderList$2
Event: 0.195 Loading class sun/security/jca/ProviderList$2 done
Event: 0.195 Loading class java/security/Security

Classes unloaded (0 events):
No events

Classes redefined (0 events):
No events

Internal exceptions (0 events):
No events

ZGC Phase Switch (0 events):
No events

VM Operations (4 events):
Event: 0.184 Executing VM operation: HandshakeAllThreads (Deoptimize)
Event: 0.185 Executing VM operation: HandshakeAllThreads (Deoptimize) done
Event: 0.195 Executing VM operation: HandshakeAllThreads (Deoptimize)
Event: 0.195 Executing VM operation: HandshakeAllThreads (Deoptimize) done

Memory protections (0 events):
No events

Nmethod flushes (0 events):
No events

Events (14 events):
Event: 0.013 Thread 0x000001c026fa4ea0 Thread added: 0x000001c026fa4ea0
Event: 0.085 Thread 0x000001c026fa4ea0 Thread added: 0x000001c04373dee0
Event: 0.092 Thread 0x000001c026fa4ea0 Thread added: 0x000001c04374c030
Event: 0.092 Thread 0x000001c026fa4ea0 Thread added: 0x000001c043740cd0
Event: 0.093 Thread 0x000001c026fa4ea0 Thread added: 0x000001c043765320
Event: 0.093 Thread 0x000001c026fa4ea0 Thread added: 0x000001c0437661a0
Event: 0.093 Thread 0x000001c026fa4ea0 Thread added: 0x000001c043766c00
Event: 0.094 Thread 0x000001c026fa4ea0 Thread added: 0x000001c04376f840
Event: 0.094 Thread 0x000001c026fa4ea0 Thread added: 0x000001c0437749f0
Event: 0.094 Thread 0x000001c026fa4ea0 Thread added: 0x000001c043775490
Event: 0.129 Thread 0x000001c026fa4ea0 Thread added: 0x000001c043907d40
Event: 0.145 Loaded shared library D:\Android Studio1\jbr\bin\net.dll
Event: 0.148 Loaded shared library D:\Android Studio1\jbr\bin\nio.dll
Event: 0.170 Loaded shared library D:\Android Studio1\jbr\bin\zip.dll


Dynamic libraries:
0x00007ff7b1b20000 - 0x00007ff7b1b2a000 	D:\Android Studio1\jbr\bin\java.exe
0x00007ffae21c0000 - 0x00007ffae2427000 	C:\WINDOWS\SYSTEM32\ntdll.dll
0x00007ffaadd90000 - 0x00007ffaaddb0000 	C:\Program Files\AVG\Antivirus\aswhook.dll
0x00007ffae0b70000 - 0x00007ffae0c39000 	C:\WINDOWS\System32\KERNEL32.DLL
0x00007ffaded80000 - 0x00007ffadf171000 	C:\WINDOWS\System32\KERNELBASE.dll
0x00007ffadf2f0000 - 0x00007ffadf43b000 	C:\WINDOWS\System32\ucrtbase.dll
0x00007ffaca740000 - 0x00007ffaca75b000 	D:\Android Studio1\jbr\bin\VCRUNTIME140.dll
0x00007ffaa0480000 - 0x00007ffaa0498000 	D:\Android Studio1\jbr\bin\jli.dll
0x00007ffae04e0000 - 0x00007ffae06a5000 	C:\WINDOWS\System32\USER32.dll
0x00007ffadf2c0000 - 0x00007ffadf2e7000 	C:\WINDOWS\System32\win32u.dll
0x00007ffae0350000 - 0x00007ffae037b000 	C:\WINDOWS\System32\GDI32.dll
0x00007ffabf0a0000 - 0x00007ffabf333000 	C:\WINDOWS\WinSxS\amd64_microsoft.windows.common-controls_6595b64144ccf1df_6.0.26100.8037_none_3e092faae333b53b\COMCTL32.dll
0x00007ffadf440000 - 0x00007ffadf56b000 	C:\WINDOWS\System32\gdi32full.dll
0x00007ffadff60000 - 0x00007ffae0009000 	C:\WINDOWS\System32\msvcrt.dll
0x00007ffadf180000 - 0x00007ffadf223000 	C:\WINDOWS\System32\msvcp_win.dll
0x00007ffae0b20000 - 0x00007ffae0b51000 	C:\WINDOWS\System32\IMM32.DLL
0x00007ffad5260000 - 0x00007ffad526c000 	D:\Android Studio1\jbr\bin\vcruntime140_1.dll
0x00007ffa817a0000 - 0x00007ffa8182d000 	D:\Android Studio1\jbr\bin\msvcp140.dll
0x00007ffa53990000 - 0x00007ffa54626000 	D:\Android Studio1\jbr\bin\server\jvm.dll
0x00007ffae06b0000 - 0x00007ffae076b000 	C:\WINDOWS\System32\ADVAPI32.dll
0x00007ffae12f0000 - 0x00007ffae1397000 	C:\WINDOWS\System32\sechost.dll
0x00007ffae1150000 - 0x00007ffae1268000 	C:\WINDOWS\System32\RPCRT4.dll
0x00007ffae10d0000 - 0x00007ffae1144000 	C:\WINDOWS\System32\WS2_32.dll
0x00007ffade920000 - 0x00007ffade97e000 	C:\WINDOWS\SYSTEM32\POWRPROF.dll
0x00007ffad2560000 - 0x00007ffad2595000 	C:\WINDOWS\SYSTEM32\WINMM.dll
0x00007ffad2050000 - 0x00007ffad205b000 	C:\WINDOWS\SYSTEM32\VERSION.dll
0x00007ffade900000 - 0x00007ffade914000 	C:\WINDOWS\SYSTEM32\UMPDC.dll
0x00007ffadd830000 - 0x00007ffadd84b000 	C:\WINDOWS\SYSTEM32\kernel.appcore.dll
0x00007ffad5220000 - 0x00007ffad522a000 	D:\Android Studio1\jbr\bin\jimage.dll
0x00007ffadcbc0000 - 0x00007ffadce02000 	C:\WINDOWS\SYSTEM32\DBGHELP.DLL
0x00007ffae1ba0000 - 0x00007ffae1f22000 	C:\WINDOWS\System32\combase.dll
0x00007ffae0980000 - 0x00007ffae0a57000 	C:\WINDOWS\System32\OLEAUT32.dll
0x00007ffad1db0000 - 0x00007ffad1deb000 	C:\WINDOWS\SYSTEM32\dbgcore.DLL
0x00007ffadecd0000 - 0x00007ffaded75000 	C:\WINDOWS\System32\bcryptPrimitives.dll
0x00007ffabfe40000 - 0x00007ffabfe60000 	D:\Android Studio1\jbr\bin\java.dll
0x00007ffabde40000 - 0x00007ffabde58000 	D:\Android Studio1\jbr\bin\zip.dll
0x00007ffae1430000 - 0x00007ffae1b8f000 	C:\WINDOWS\System32\SHELL32.dll
0x00007ffadeb60000 - 0x00007ffadecca000 	C:\WINDOWS\System32\wintypes.dll
0x00007ffadf6f0000 - 0x00007ffadff54000 	C:\WINDOWS\System32\windows.storage.dll
0x00007ffae0250000 - 0x00007ffae0347000 	C:\WINDOWS\System32\SHCORE.dll
0x00007ffae0ab0000 - 0x00007ffae0b17000 	C:\WINDOWS\System32\shlwapi.dll
0x00007ffade9c0000 - 0x00007ffade9e9000 	C:\WINDOWS\SYSTEM32\profapi.dll
0x00007ffacc730000 - 0x00007ffacc740000 	D:\Android Studio1\jbr\bin\net.dll
0x00007ffad6f20000 - 0x00007ffad7047000 	C:\WINDOWS\SYSTEM32\WINHTTP.dll
0x00007ffaddda0000 - 0x00007ffadde0b000 	C:\WINDOWS\system32\mswsock.dll
0x00007ffabd250000 - 0x00007ffabd266000 	D:\Android Studio1\jbr\bin\nio.dll

JVMTI agents: none

dbghelp: loaded successfully - version: 4.0.5 - missing functions: none
symbol engine: initialized successfully - sym options: 0x614 - pdb path: .;D:\Android Studio1\jbr\bin;C:\WINDOWS\SYSTEM32;C:\Program Files\AVG\Antivirus;C:\WINDOWS\WinSxS\amd64_microsoft.windows.common-controls_6595b64144ccf1df_6.0.26100.8037_none_3e092faae333b53b;D:\Android Studio1\jbr\bin\server

VM Arguments:
java_command: git4idea.http.GitAskPassApp Username for 'https://github.com': 
java_class_path (initial): D:/Android Studio1/plugins/vcs-git/lib/git4idea-rt.jar;D:/Android Studio1/lib/externalProcess-rt.jar
Launcher Type: SUN_STANDARD

[Global flags]
     intx CICompilerCount                          = 4                                         {product} {ergonomic}
     uint ConcGCThreads                            = 3                                         {product} {ergonomic}
     uint G1ConcRefinementThreads                  = 10                                        {product} {ergonomic}
   size_t G1HeapRegionSize                         = 2097152                                   {product} {ergonomic}
    uintx GCDrainStackTargetSize                   = 64                                        {product} {ergonomic}
   size_t InitialHeapSize                          = 264241152                                 {product} {ergonomic}
   size_t MarkStackSize                            = 4194304                                   {product} {ergonomic}
   size_t MaxHeapSize                              = 4215275520                                {product} {ergonomic}
   size_t MaxNewSize                               = 2529165312                                {product} {ergonomic}
   size_t MinHeapDeltaBytes                        = 2097152                                   {product} {ergonomic}
   size_t MinHeapSize                              = 8388608                                   {product} {ergonomic}
    uintx NonNMethodCodeHeapSize                   = 5839372                                {pd product} {ergonomic}
    uintx NonProfiledCodeHeapSize                  = 122909434                              {pd product} {ergonomic}
    uintx ProfiledCodeHeapSize                     = 122909434                              {pd product} {ergonomic}
    uintx ReservedCodeCacheSize                    = 251658240                              {pd product} {ergonomic}
     bool SegmentedCodeCache                       = true                                      {product} {ergonomic}
   size_t SoftMaxHeapSize                          = 4215275520                             {manageable} {ergonomic}
     bool UseCompressedOops                        = true                           {product lp64_product} {ergonomic}
     bool UseG1GC                                  = true                                      {product} {ergonomic}
     bool UseLargePagesIndividualAllocation        = false                                  {pd product} {ergonomic}

Logging:
Log output configuration:
 #0: stdout all=warning uptime,level,tags foldmultilines=false
 #1: stderr all=off uptime,level,tags foldmultilines=false

Release file:
<release file has not been read>
Environment Variables:
PATH=C:/Program Files/Git/mingw64/libexec/git-core;C:/Program Files/Git/mingw64/libexec/git-core;C:\Program Files\Git\mingw64\bin;C:\Program Files\Git\usr\bin;C:\Users\ASUS\bin;C:\WINDOWS\system32;C:\WINDOWS;C:\WINDOWS\System32\Wbem;C:\WINDOWS\System32\WindowsPowerShell\v1.0\;C:\WINDOWS\System32\OpenSSH\;C:\MinGW\bin;C:\Program Files (x86)\Microsoft SQL Server\160\Tools\Binn\;C:\Program Files\Microsoft SQL Server\160\Tools\Binn\;C:\Program Files\Microsoft SQL Server\Client SDK\ODBC\170\Tools\Binn\;C:\Program Files\Microsoft SQL Server\160\DTS\Binn\;C:\Program Files (x86)\Microsoft SQL Server\160\DTS\Binn\;C:\Users\ASUS\Downloads\php-8.3.26-nts-Win32-vs16-x64;C:\Program Files\Git\cmd;C:\Users\ASUS\AppData\Local\Programs\Python\Python313\Scripts\;C:\Users\ASUS\AppData\Local\Programs\Python\Python313\;C:\Users\ASUS\AppData\Local\Programs\Python\Launcher\;C:\Users\ASUS\AppData\Local\Microsoft\WindowsApps;C:\Users\ASUS\AppData\Local\Programs\Microsoft VS Code\bin
USERNAME=ASUS
DISPLAY=:0.0
LC_ALL=en_US.UTF-8
TERM=xterm-256color
TMPDIR=C:\Users\ASUS\AppData\Local\Temp
OS=Windows_NT
PROCESSOR_IDENTIFIER=Intel64 Family 6 Model 154 Stepping 4, GenuineIntel
TMP=C:\Users\ASUS\AppData\Local\Temp
TEMP=C:\Users\ASUS\AppData\Local\Temp




Periodic native trim disabled

JNI global refs:
JNI global refs: 8, weak refs: 0

JNI global refs memory usage: 835, weak refs: 201

Process memory usage:
Resident Set Size: 37124K (0% of 16463472K total physical memory with 1098688K free physical memory)

OOME stack traces (most recent first):
Classloader memory used:
Loader bootstrap                                                                       : 5643K
Loader jdk.internal.loader.ClassLoaders$AppClassLoader                                 : 28032B

---------------  S Y S T E M  ---------------

OS:
 Windows 11 , 64 bit Build 26100 (10.0.26100.7920)
OS uptime: 0 days 4:31 hours

CPU: total 12 (initial active 12) (6 cores per cpu, 2 threads per core) family 6 model 154 stepping 4 microcode 0x434, cx8, cmov, fxsr, ht, mmx, 3dnowpref, sse, sse2, sse3, ssse3, sse4.1, sse4.2, popcnt, lzcnt, tsc, tscinvbit, avx, avx2, aes, erms, clmul, bmi1, bmi2, adx, sha, fma, vzeroupper, clflush, clflushopt, clwb, serialize, rdtscp, rdpid, fsrm, f16c, pku, cet_ibt, cet_ss
Processor Information for processor 0
  Max Mhz: 1300, Current Mhz: 1300, Mhz Limit: 1300
Processor Information for processor 1
  Max Mhz: 1300, Current Mhz: 1300, Mhz Limit: 1300
Processor Information for processor 2
  Max Mhz: 1300, Current Mhz: 1300, Mhz Limit: 1300
Processor Information for processor 3
  Max Mhz: 1300, Current Mhz: 1300, Mhz Limit: 1300
Processor Information for processor 4
  Max Mhz: 1300, Current Mhz: 900, Mhz Limit: 897
Processor Information for processor 5
  Max Mhz: 1300, Current Mhz: 900, Mhz Limit: 897
Processor Information for processor 6
  Max Mhz: 1300, Current Mhz: 900, Mhz Limit: 897
Processor Information for processor 7
  Max Mhz: 1300, Current Mhz: 900, Mhz Limit: 897
Processor Information for processor 8
  Max Mhz: 1300, Current Mhz: 900, Mhz Limit: 897
Processor Information for processor 9
  Max Mhz: 1300, Current Mhz: 900, Mhz Limit: 897
Processor Information for processor 10
  Max Mhz: 1300, Current Mhz: 900, Mhz Limit: 897
Processor Information for processor 11
  Max Mhz: 1300, Current Mhz: 900, Mhz Limit: 897

Memory: 4k page, system-wide physical 16077M (1072M free)
TotalPageFile size 27153M (AvailPageFile size 4M)
current process WorkingSet (physical memory assigned to process): 36M, peak: 36M
current process commit charge ("private bytes"): 333M, peak: 334M

vm_info: OpenJDK 64-Bit Server VM (21.0.9+-14787801-b1163.94) for windows-amd64 JRE (21.0.9+-14787801-b1163.94), built on 2026-01-27T21:15:44Z by "builder" with MS VC++ 16.10 / 16.11 (VS2019)

END.
